Determining if the function crc32c_value exists in the crc32c failed with the following output:
Change Dir: /home/hh/a/leveldb-main/cmake-build-debug/CMakeFiles/CMakeTmp

Run Build Command(s):/usr/bin/make cmTC_e96fb/fast && /usr/bin/make -f CMakeFiles/cmTC_e96fb.dir/build.make CMakeFiles/cmTC_e96fb.dir/build
make[1]: 进入目录“/home/hh/a/leveldb-main/cmake-build-debug/CMakeFiles/CMakeTmp”
Building C object CMakeFiles/cmTC_e96fb.dir/CheckFunctionExists.c.o
/usr/bin/cc   -DCHECK_FUNCTION_EXISTS=crc32c_value   -std=c11 -o CMakeFiles/cmTC_e96fb.dir/CheckFunctionExists.c.o   -c /home/hh/Clion/clion-2020.1/bin/cmake/linux/share/cmake-3.16/Modules/CheckFunctionExists.c
Linking C executable cmTC_e96fb
/home/hh/Clion/clion-2020.1/bin/cmake/linux/bin/cmake -E cmake_link_script CMakeFiles/cmTC_e96fb.dir/link.txt --verbose=1
/usr/bin/cc  -DCHECK_FUNCTION_EXISTS=crc32c_value    CMakeFiles/cmTC_e96fb.dir/CheckFunctionExists.c.o  -o cmTC_e96fb  -lcrc32c 
/usr/bin/ld: 找不到 -lcrc32c
collect2: error: ld returned 1 exit status
make[1]: *** [CMakeFiles/cmTC_e96fb.dir/build.make:87：cmTC_e96fb] 错误 1
make[1]: 离开目录“/home/hh/a/leveldb-main/cmake-build-debug/CMakeFiles/CMakeTmp”
make: *** [Makefile:121：cmTC_e96fb/fast] 错误 2



Determining if the function snappy_compress exists in the snappy failed with the following output:
Change Dir: /home/hh/a/leveldb-main/cmake-build-debug/CMakeFiles/CMakeTmp

Run Build Command(s):/usr/bin/make cmTC_3e430/fast && /usr/bin/make -f CMakeFiles/cmTC_3e430.dir/build.make CMakeFiles/cmTC_3e430.dir/build
make[1]: 进入目录“/home/hh/a/leveldb-main/cmake-build-debug/CMakeFiles/CMakeTmp”
Building C object CMakeFiles/cmTC_3e430.dir/CheckFunctionExists.c.o
/usr/bin/cc   -DCHECK_FUNCTION_EXISTS=snappy_compress   -std=c11 -o CMakeFiles/cmTC_3e430.dir/CheckFunctionExists.c.o   -c /home/hh/Clion/clion-2020.1/bin/cmake/linux/share/cmake-3.16/Modules/CheckFunctionExists.c
Linking C executable cmTC_3e430
/home/hh/Clion/clion-2020.1/bin/cmake/linux/bin/cmake -E cmake_link_script CMakeFiles/cmTC_3e430.dir/link.txt --verbose=1
/usr/bin/cc  -DCHECK_FUNCTION_EXISTS=snappy_compress    CMakeFiles/cmTC_3e430.dir/CheckFunctionExists.c.o  -o cmTC_3e430  -lsnappy 
/usr/bin/ld: 找不到 -lsnappy
collect2: error: ld returned 1 exit status
make[1]: *** [CMakeFiles/cmTC_3e430.dir/build.make:87：cmTC_3e430] 错误 1
make[1]: 离开目录“/home/hh/a/leveldb-main/cmake-build-debug/CMakeFiles/CMakeTmp”
make: *** [Makefile:121：cmTC_3e430/fast] 错误 2



Determining if the function malloc exists in the tcmalloc failed with the following output:
Change Dir: /home/hh/a/leveldb-main/cmake-build-debug/CMakeFiles/CMakeTmp

Run Build Command(s):/usr/bin/make cmTC_d1d53/fast && /usr/bin/make -f CMakeFiles/cmTC_d1d53.dir/build.make CMakeFiles/cmTC_d1d53.dir/build
make[1]: 进入目录“/home/hh/a/leveldb-main/cmake-build-debug/CMakeFiles/CMakeTmp”
Building C object CMakeFiles/cmTC_d1d53.dir/CheckFunctionExists.c.o
/usr/bin/cc   -DCHECK_FUNCTION_EXISTS=malloc   -std=c11 -o CMakeFiles/cmTC_d1d53.dir/CheckFunctionExists.c.o   -c /home/hh/Clion/clion-2020.1/bin/cmake/linux/share/cmake-3.16/Modules/CheckFunctionExists.c
<command-line>: warning: conflicting types for built-in function ‘malloc’; expected ‘void *(long unsigned int)’ [-Wbuiltin-declaration-mismatch]
/home/hh/Clion/clion-2020.1/bin/cmake/linux/share/cmake-3.16/Modules/CheckFunctionExists.c:7:3: note: in expansion of macro ‘CHECK_FUNCTION_EXISTS’
    7 |   CHECK_FUNCTION_EXISTS(void);
      |   ^~~~~~~~~~~~~~~~~~~~~
/home/hh/Clion/clion-2020.1/bin/cmake/linux/share/cmake-3.16/Modules/CheckFunctionExists.c:1:1: note: ‘malloc’ is declared in header ‘<stdlib.h>’
  +++ |+#include <stdlib.h>
    1 | #ifdef CHECK_FUNCTION_EXISTS
Linking C executable cmTC_d1d53
/home/hh/Clion/clion-2020.1/bin/cmake/linux/bin/cmake -E cmake_link_script CMakeFiles/cmTC_d1d53.dir/link.txt --verbose=1
/usr/bin/cc  -DCHECK_FUNCTION_EXISTS=malloc    CMakeFiles/cmTC_d1d53.dir/CheckFunctionExists.c.o  -o cmTC_d1d53  -ltcmalloc 
/usr/bin/ld: 找不到 -ltcmalloc
collect2: error: ld returned 1 exit status
make[1]: *** [CMakeFiles/cmTC_d1d53.dir/build.make:87：cmTC_d1d53] 错误 1
make[1]: 离开目录“/home/hh/a/leveldb-main/cmake-build-debug/CMakeFiles/CMakeTmp”
make: *** [Makefile:121：cmTC_d1d53/fast] 错误 2



Determining if the F_FULLFSYNC exist failed with the following output:
Change Dir: /home/hh/a/leveldb-main/cmake-build-debug/CMakeFiles/CMakeTmp

Run Build Command(s):/usr/bin/make cmTC_c6455/fast && /usr/bin/make -f CMakeFiles/cmTC_c6455.dir/build.make CMakeFiles/cmTC_c6455.dir/build
make[1]: 进入目录“/home/hh/a/leveldb-main/cmake-build-debug/CMakeFiles/CMakeTmp”
Building CXX object CMakeFiles/cmTC_c6455.dir/CheckSymbolExists.cxx.o
/usr/bin/c++    -std=c++11 -o CMakeFiles/cmTC_c6455.dir/CheckSymbolExists.cxx.o -c /home/hh/a/leveldb-main/cmake-build-debug/CMakeFiles/CMakeTmp/CheckSymbolExists.cxx
/home/hh/a/leveldb-main/cmake-build-debug/CMakeFiles/CMakeTmp/CheckSymbolExists.cxx: In function ‘int main(int, char**)’:
/home/hh/a/leveldb-main/cmake-build-debug/CMakeFiles/CMakeTmp/CheckSymbolExists.cxx:8:19: error: ‘F_FULLFSYNC’ was not declared in this scope
    8 |   return ((int*)(&F_FULLFSYNC))[argc];
      |                   ^~~~~~~~~~~
make[1]: *** [CMakeFiles/cmTC_c6455.dir/build.make:66：CMakeFiles/cmTC_c6455.dir/CheckSymbolExists.cxx.o] 错误 1
make[1]: 离开目录“/home/hh/a/leveldb-main/cmake-build-debug/CMakeFiles/CMakeTmp”
make: *** [Makefile:121：cmTC_c6455/fast] 错误 2


File /home/hh/a/leveldb-main/cmake-build-debug/CMakeFiles/CMakeTmp/CheckSymbolExists.cxx:
/* */
#include <fcntl.h>

int main(int argc, char** argv)
{
  (void)argv;
#ifndef F_FULLFSYNC
  return ((int*)(&F_FULLFSYNC))[argc];
#else
  (void)argc;
  return 0;
#endif
}
Performing C++ SOURCE FILE Test HAVE_CLANG_THREAD_SAFETY failed with the following output:
Change Dir: /home/hh/a/leveldb-main/cmake-build-debug/CMakeFiles/CMakeTmp

Run Build Command(s):/usr/bin/make cmTC_3f62c/fast && /usr/bin/make -f CMakeFiles/cmTC_3f62c.dir/build.make CMakeFiles/cmTC_3f62c.dir/build
make[1]: Entering directory '/home/hh/a/leveldb-main/cmake-build-debug/CMakeFiles/CMakeTmp'
Building CXX object CMakeFiles/cmTC_3f62c.dir/src.cxx.o
/usr/bin/c++    -fno-exceptions -fno-rtti -DHAVE_CLANG_THREAD_SAFETY   -Wthread-safety -std=c++11 -o CMakeFiles/cmTC_3f62c.dir/src.cxx.o -c /home/hh/a/leveldb-main/cmake-build-debug/CMakeFiles/CMakeTmp/src.cxx
c++: error: unrecognized command line option '-Wthread-safety'
make[1]: *** [CMakeFiles/cmTC_3f62c.dir/build.make:66: CMakeFiles/cmTC_3f62c.dir/src.cxx.o] Error 1
make[1]: Leaving directory '/home/hh/a/leveldb-main/cmake-build-debug/CMakeFiles/CMakeTmp'
make: *** [Makefile:121: cmTC_3f62c/fast] Error 2


Source file was:
int main() { return 0; }
Performing C SOURCE FILE Test CMAKE_HAVE_LIBC_PTHREAD failed with the following output:
Change Dir: /home/hh/a/leveldb-main/cmake-build-debug/CMakeFiles/CMakeTmp

Run Build Command(s):/usr/bin/make cmTC_e0f9f/fast && /usr/bin/make -f CMakeFiles/cmTC_e0f9f.dir/build.make CMakeFiles/cmTC_e0f9f.dir/build
make[1]: 进入目录“/home/hh/a/leveldb-main/cmake-build-debug/CMakeFiles/CMakeTmp”
Building C object CMakeFiles/cmTC_e0f9f.dir/src.c.o
/usr/bin/cc   -Wstrict-prototypes -DCMAKE_HAVE_LIBC_PTHREAD   -std=c11 -o CMakeFiles/cmTC_e0f9f.dir/src.c.o   -c /home/hh/a/leveldb-main/cmake-build-debug/CMakeFiles/CMakeTmp/src.c
Linking C executable cmTC_e0f9f
/home/hh/Clion/clion-2020.1/bin/cmake/linux/bin/cmake -E cmake_link_script CMakeFiles/cmTC_e0f9f.dir/link.txt --verbose=1
/usr/bin/cc  -Wstrict-prototypes -DCMAKE_HAVE_LIBC_PTHREAD    CMakeFiles/cmTC_e0f9f.dir/src.c.o  -o cmTC_e0f9f 
/usr/bin/ld: CMakeFiles/cmTC_e0f9f.dir/src.c.o: in function `main':
src.c:(.text+0x46): undefined reference to `pthread_create'
/usr/bin/ld: src.c:(.text+0x52): undefined reference to `pthread_detach'
/usr/bin/ld: src.c:(.text+0x63): undefined reference to `pthread_join'
collect2: error: ld returned 1 exit status
make[1]: *** [CMakeFiles/cmTC_e0f9f.dir/build.make:87：cmTC_e0f9f] 错误 1
make[1]: 离开目录“/home/hh/a/leveldb-main/cmake-build-debug/CMakeFiles/CMakeTmp”
make: *** [Makefile:121：cmTC_e0f9f/fast] 错误 2


Source file was:
#include <pthread.h>

void* test_func(void* data)
{
  return data;
}

int main(void)
{
  pthread_t thread;
  pthread_create(&thread, NULL, test_func, NULL);
  pthread_detach(thread);
  pthread_join(thread, NULL);
  pthread_atfork(NULL, NULL, NULL);
  pthread_exit(NULL);

  return 0;
}

Determining if the function pthread_create exists in the pthreads failed with the following output:
Change Dir: /home/hh/a/leveldb-main/cmake-build-debug/CMakeFiles/CMakeTmp

Run Build Command(s):/usr/bin/make cmTC_54b9f/fast && /usr/bin/make -f CMakeFiles/cmTC_54b9f.dir/build.make CMakeFiles/cmTC_54b9f.dir/build
make[1]: 进入目录“/home/hh/a/leveldb-main/cmake-build-debug/CMakeFiles/CMakeTmp”
Building C object CMakeFiles/cmTC_54b9f.dir/CheckFunctionExists.c.o
/usr/bin/cc   -Wstrict-prototypes -DCHECK_FUNCTION_EXISTS=pthread_create   -std=c11 -o CMakeFiles/cmTC_54b9f.dir/CheckFunctionExists.c.o   -c /home/hh/Clion/clion-2020.1/bin/cmake/linux/share/cmake-3.16/Modules/CheckFunctionExists.c
Linking C executable cmTC_54b9f
/home/hh/Clion/clion-2020.1/bin/cmake/linux/bin/cmake -E cmake_link_script CMakeFiles/cmTC_54b9f.dir/link.txt --verbose=1
/usr/bin/cc  -Wstrict-prototypes -DCHECK_FUNCTION_EXISTS=pthread_create    CMakeFiles/cmTC_54b9f.dir/CheckFunctionExists.c.o  -o cmTC_54b9f  -lpthreads 
/usr/bin/ld: 找不到 -lpthreads
collect2: error: ld returned 1 exit status
make[1]: *** [CMakeFiles/cmTC_54b9f.dir/build.make:87：cmTC_54b9f] 错误 1
make[1]: 离开目录“/home/hh/a/leveldb-main/cmake-build-debug/CMakeFiles/CMakeTmp”
make: *** [Makefile:121：cmTC_54b9f/fast] 错误 2



Determining if the function sqlite3_open exists in the sqlite3 failed with the following output:
Change Dir: /home/hh/a/leveldb-main/cmake-build-debug/CMakeFiles/CMakeTmp

Run Build Command(s):/usr/bin/make cmTC_020e7/fast && /usr/bin/make -f CMakeFiles/cmTC_020e7.dir/build.make CMakeFiles/cmTC_020e7.dir/build
make[1]: 进入目录“/home/hh/a/leveldb-main/cmake-build-debug/CMakeFiles/CMakeTmp”
Building C object CMakeFiles/cmTC_020e7.dir/CheckFunctionExists.c.o
/usr/bin/cc   -Wstrict-prototypes -DCHECK_FUNCTION_EXISTS=sqlite3_open   -std=c11 -o CMakeFiles/cmTC_020e7.dir/CheckFunctionExists.c.o   -c /home/hh/Clion/clion-2020.1/bin/cmake/linux/share/cmake-3.16/Modules/CheckFunctionExists.c
Linking C executable cmTC_020e7
/home/hh/Clion/clion-2020.1/bin/cmake/linux/bin/cmake -E cmake_link_script CMakeFiles/cmTC_020e7.dir/link.txt --verbose=1
/usr/bin/cc  -Wstrict-prototypes -DCHECK_FUNCTION_EXISTS=sqlite3_open    CMakeFiles/cmTC_020e7.dir/CheckFunctionExists.c.o  -o cmTC_020e7  -lsqlite3 
/usr/bin/ld: 找不到 -lsqlite3
collect2: error: ld returned 1 exit status
make[1]: *** [CMakeFiles/cmTC_020e7.dir/build.make:87：cmTC_020e7] 错误 1
make[1]: 离开目录“/home/hh/a/leveldb-main/cmake-build-debug/CMakeFiles/CMakeTmp”
make: *** [Makefile:121：cmTC_020e7/fast] 错误 2



Performing C++ SOURCE FILE Test HAVE_KYOTOCABINET failed with the following output:
Change Dir: /home/hh/a/leveldb-main/cmake-build-debug/CMakeFiles/CMakeTmp

Run Build Command(s):/usr/bin/make cmTC_6a543/fast && /usr/bin/make -f CMakeFiles/cmTC_6a543.dir/build.make CMakeFiles/cmTC_6a543.dir/build
make[1]: 进入目录“/home/hh/a/leveldb-main/cmake-build-debug/CMakeFiles/CMakeTmp”
Building CXX object CMakeFiles/cmTC_6a543.dir/src.cxx.o
/usr/bin/c++    -fno-exceptions -fno-rtti -DHAVE_KYOTOCABINET   -std=c++11 -o CMakeFiles/cmTC_6a543.dir/src.cxx.o -c /home/hh/a/leveldb-main/cmake-build-debug/CMakeFiles/CMakeTmp/src.cxx
/home/hh/a/leveldb-main/cmake-build-debug/CMakeFiles/CMakeTmp/src.cxx:2:10: fatal error: kcpolydb.h: 没有那个文件或目录
    2 | #include <kcpolydb.h>
      |          ^~~~~~~~~~~~
compilation terminated.
make[1]: *** [CMakeFiles/cmTC_6a543.dir/build.make:66：CMakeFiles/cmTC_6a543.dir/src.cxx.o] 错误 1
make[1]: 离开目录“/home/hh/a/leveldb-main/cmake-build-debug/CMakeFiles/CMakeTmp”
make: *** [Makefile:121：cmTC_6a543/fast] 错误 2


Source file was:

#include <kcpolydb.h>

int main() {
  kyotocabinet::TreeDB* db = new kyotocabinet::TreeDB();
  delete db;
  return 0;
}
  
